[2025-03-21 17:47:39] [INFO ] [AppPk2Fx: 51] --------------------------------------------------------------------------------
[2025-03-21 17:47:40] [DEBUG] [GameManager: 46] start level=1
[2025-03-21 18:19:17] [INFO ] [AppPk2Fx: 51] --------------------------------------------------------------------------------
[2025-03-21 18:19:18] [DEBUG] [GameManager: 46] start level=1
[2025-03-21 18:19:21] [DEBUG] [GameManager:168] updateGame E_APP_ONELESSLIFE enemies=3 enemyShots=0 heroShots=3
[2025-03-21 18:19:22] [DEBUG] [GameManager: 66] sameLevel level=1
[2025-03-21 18:19:25] [DEBUG] [GameManager: 57] nextLevel level=2
[2025-03-21 18:24:02] [INFO ] [AppPk2Fx: 51] --------------------------------------------------------------------------------
[2025-03-21 18:24:04] [DEBUG] [GameManager: 47] start level=6
[2025-03-21 18:24:16] [DEBUG] [GameManager:177] updateGame E_APP_ONELESSLIFE enemies=9 enemyShots=0 heroShots=0
[2025-03-21 18:24:16] [DEBUG] [GameManager: 69] sameLevel level=6
[2025-03-21 18:35:00] [INFO ] [AppPk2Fx: 51] --------------------------------------------------------------------------------
[2025-03-21 18:35:01] [DEBUG] [GameManager: 47] start level=7
[2025-03-21 18:35:07] [DEBUG] [GameManager:177] updateGame E_APP_ONELESSLIFE enemies=1 enemyShots=0 heroShots=0
[2025-03-21 18:35:08] [DEBUG] [GameManager: 69] sameLevel level=7
[2025-03-21 18:40:53] [INFO ] [AppPk2Fx: 51] --------------------------------------------------------------------------------
[2025-03-21 18:41:31] [DEBUG] [GameManager: 47] start level=7
[2025-03-21 18:42:03] [DEBUG] [GameManager:177] updateGame E_APP_ONELESSLIFE enemies=3 enemyShots=0 heroShots=0
[2025-03-21 18:42:04] [DEBUG] [GameManager: 69] sameLevel level=7
[2025-03-21 18:42:05] [DEBUG] [GameManager:177] updateGame E_APP_ONELESSLIFE enemies=3 enemyShots=0 heroShots=0
[2025-03-21 18:42:06] [DEBUG] [GameManager: 69] sameLevel level=7
[2025-03-21 18:43:55] [INFO ] [AppPk2Fx: 51] --------------------------------------------------------------------------------
[2025-03-21 18:43:55] [DEBUG] [GameManager: 47] start level=7
[2025-03-21 18:44:07] [DEBUG] [GameManager:177] updateGame E_APP_ONELESSLIFE enemies=2 enemyShots=0 heroShots=0
[2025-03-21 18:44:08] [DEBUG] [GameManager: 69] sameLevel level=7
[2025-03-21 18:44:26] [DEBUG] [GameManager:177] updateGame E_APP_ONELESSLIFE enemies=2 enemyShots=0 heroShots=0
[2025-03-21 18:44:26] [DEBUG] [GameManager: 69] sameLevel level=7
[2025-03-21 18:44:33] [DEBUG] [GameManager:177] updateGame E_APP_ONELESSLIFE enemies=2 enemyShots=0 heroShots=0
[2025-03-21 18:44:34] [DEBUG] [GameManager: 69] sameLevel level=7
[2025-03-21 18:44:38] [DEBUG] [GameManager:175] updateGame E_APP_LOST enemies=2 enemyShots=0 heroShots=0
[2025-03-21 18:44:41] [DEBUG] [GameManager: 47] start level=7
[2025-03-21 18:44:57] [INFO ] [AppPk2Fx: 51] --------------------------------------------------------------------------------
[2025-03-21 18:44:58] [DEBUG] [GameManager: 47] start level=7
[2025-03-21 18:45:09] [DEBUG] [GameManager:177] updateGame E_APP_ONELESSLIFE enemies=4 enemyShots=0 heroShots=0
[2025-03-21 18:45:09] [DEBUG] [GameManager: 69] sameLevel level=7
[2025-03-21 18:56:44] [INFO ] [AppPk2Fx: 51] --------------------------------------------------------------------------------
[2025-03-21 18:56:44] [DEBUG] [GameManager: 47] start level=7
[2025-03-21 18:56:59] [DEBUG] [GameManager:177] updateGame E_APP_ONELESSLIFE enemies=2 enemyShots=0 heroShots=0
[2025-03-21 18:57:00] [DEBUG] [GameManager: 69] sameLevel level=7
[2025-03-21 18:57:03] [DEBUG] [GameManager:177] updateGame E_APP_ONELESSLIFE enemies=2 enemyShots=0 heroShots=0
[2025-03-21 18:57:03] [DEBUG] [GameManager: 69] sameLevel level=7
[2025-03-21 18:57:09] [DEBUG] [GameManager:175] updateGame E_APP_LOST enemies=2 enemyShots=0 heroShots=0
[2025-03-21 18:57:11] [DEBUG] [GameManager: 47] start level=7
[2025-03-21 18:57:21] [DEBUG] [GameManager:177] updateGame E_APP_ONELESSLIFE enemies=3 enemyShots=0 heroShots=0
[2025-03-21 18:57:22] [DEBUG] [GameManager: 69] sameLevel level=7
[2025-03-21 18:57:30] [DEBUG] [GameManager:177] updateGame E_APP_ONELESSLIFE enemies=3 enemyShots=0 heroShots=0
[2025-03-21 18:57:31] [DEBUG] [GameManager: 69] sameLevel level=7
[2025-03-21 18:57:51] [DEBUG] [GameManager: 59] nextLevel level=8
[2025-03-21 18:57:58] [DEBUG] [GameManager:177] updateGame E_APP_ONELESSLIFE enemies=4 enemyShots=0 heroShots=0
[2025-03-21 18:57:58] [DEBUG] [GameManager: 69] sameLevel level=8
[2025-03-21 18:58:00] [DEBUG] [GameManager: 59] nextLevel level=9
[2025-03-22 10:24:00] [INFO ] [AppPk2Fx: 51] --------------------------------------------------------------------------------
[2025-03-22 10:24:01] [DEBUG] [GameManager: 47] start level=7
[2025-03-22 10:24:07] [DEBUG] [GameManager:177] updateGame E_APP_ONELESSLIFE enemies=5 enemyShots=1 heroShots=0
[2025-03-22 10:24:08] [DEBUG] [GameManager: 69] sameLevel level=7
[2025-03-22 10:24:16] [DEBUG] [GameManager:177] updateGame E_APP_ONELESSLIFE enemies=5 enemyShots=2 heroShots=0
[2025-03-22 10:24:17] [DEBUG] [GameManager: 69] sameLevel level=7
[2025-03-22 10:24:30] [DEBUG] [GameManager:175] updateGame E_APP_LOST enemies=5 enemyShots=2 heroShots=0
[2025-03-22 10:32:48] [INFO ] [AppPk2Fx: 51] --------------------------------------------------------------------------------
[2025-03-22 10:32:49] [DEBUG] [GameManager: 47] start level=7
[2025-03-22 10:32:54] [DEBUG] [GameManager:177] updateGame E_APP_ONELESSLIFE enemies=5 enemyShots=2 heroShots=0
[2025-03-22 10:32:54] [DEBUG] [GameManager: 69] sameLevel level=7
[2025-03-22 10:32:57] [DEBUG] [GameManager:177] updateGame E_APP_ONELESSLIFE enemies=5 enemyShots=1 heroShots=0
[2025-03-22 11:21:36] [INFO ] [AppPk2Fx: 51] --------------------------------------------------------------------------------
[2025-03-22 11:21:37] [DEBUG] [GameManager: 47] start level=7
[2025-03-22 11:24:55] [INFO ] [AppPk2Fx: 51] --------------------------------------------------------------------------------
[2025-03-22 11:24:56] [DEBUG] [GameManager: 47] start level=7
[2025-03-22 11:29:43] [INFO ] [AppPk2Fx: 51] --------------------------------------------------------------------------------
[2025-03-22 11:29:44] [DEBUG] [GameManager: 47] start level=7
[2025-03-22 11:30:07] [INFO ] [AppPk2Fx: 51] --------------------------------------------------------------------------------
[2025-03-22 11:30:08] [DEBUG] [GameManager: 47] start level=7
[2025-03-22 11:30:31] [INFO ] [AppPk2Fx: 51] --------------------------------------------------------------------------------
[2025-03-22 11:30:32] [DEBUG] [GameManager: 47] start level=7
[2025-03-22 11:35:15] [INFO ] [AppPk2Fx: 51] --------------------------------------------------------------------------------
[2025-03-22 11:35:16] [DEBUG] [GameManager: 47] start level=7
[2025-03-22 11:36:55] [INFO ] [AppPk2Fx: 51] --------------------------------------------------------------------------------
[2025-03-22 11:36:56] [DEBUG] [GameManager: 47] start level=7
[2025-03-22 11:38:55] [INFO ] [AppPk2Fx: 51] --------------------------------------------------------------------------------
[2025-03-22 11:38:56] [DEBUG] [GameManager: 47] start level=7
[2025-03-22 11:40:37] [INFO ] [AppPk2Fx: 51] --------------------------------------------------------------------------------
[2025-03-22 11:40:37] [DEBUG] [GameManager: 47] start level=7
[2025-03-22 11:41:50] [INFO ] [AppPk2Fx: 51] --------------------------------------------------------------------------------
[2025-03-22 11:41:50] [DEBUG] [GameManager: 47] start level=7
[2025-03-22 11:47:26] [INFO ] [AppPk2Fx: 51] --------------------------------------------------------------------------------
[2025-03-22 11:47:26] [DEBUG] [GameManager: 47] start level=7
[2025-03-22 11:47:45] [INFO ] [AppPk2Fx: 51] --------------------------------------------------------------------------------
[2025-03-22 11:47:45] [DEBUG] [GameManager: 47] start level=7
[2025-03-22 11:50:17] [INFO ] [AppPk2Fx: 51] --------------------------------------------------------------------------------
[2025-03-22 11:50:18] [DEBUG] [GameManager: 47] start level=7
[2025-03-22 11:51:06] [INFO ] [AppPk2Fx: 51] --------------------------------------------------------------------------------
[2025-03-22 11:51:07] [DEBUG] [GameManager: 47] start level=7
[2025-03-22 11:51:20] [INFO ] [AppPk2Fx: 51] --------------------------------------------------------------------------------
[2025-03-22 11:51:21] [DEBUG] [GameManager: 47] start level=7
[2025-03-22 11:54:34] [INFO ] [AppPk2Fx: 51] --------------------------------------------------------------------------------
[2025-03-22 11:54:35] [DEBUG] [GameManager: 47] start level=7
[2025-03-22 11:55:31] [DEBUG] [GameManager:188] updateGame E_APP_ONELESSLIFE enemies=11 enemyShots=0 heroShots=0
[2025-03-22 11:55:32] [DEBUG] [GameManager: 69] sameLevel level=7
[2025-03-22 11:55:33] [DEBUG] [GameManager:188] updateGame E_APP_ONELESSLIFE enemies=11 enemyShots=0 heroShots=0
[2025-03-22 11:55:33] [DEBUG] [GameManager: 69] sameLevel level=7
[2025-03-22 11:55:34] [DEBUG] [GameManager:186] updateGame E_APP_LOST enemies=11 enemyShots=0 heroShots=0
[2025-03-22 11:55:35] [DEBUG] [GameManager: 47] start level=7
[2025-03-22 11:55:56] [DEBUG] [GameManager:188] updateGame E_APP_ONELESSLIFE enemies=2 enemyShots=0 heroShots=0
[2025-03-22 11:56:48] [INFO ] [AppPk2Fx: 51] --------------------------------------------------------------------------------
[2025-03-22 11:56:49] [DEBUG] [GameManager: 47] start level=7
[2025-03-22 11:57:07] [INFO ] [AppPk2Fx: 51] --------------------------------------------------------------------------------
[2025-03-22 11:57:07] [DEBUG] [GameManager: 47] start level=7
[2025-03-22 11:58:06] [INFO ] [AppPk2Fx: 51] --------------------------------------------------------------------------------
[2025-03-22 11:58:06] [DEBUG] [GameManager: 47] start level=7
[2025-03-22 12:00:57] [INFO ] [AppPk2Fx: 51] --------------------------------------------------------------------------------
[2025-03-22 12:00:58] [DEBUG] [GameManager: 47] start level=7
[2025-03-22 12:01:32] [INFO ] [AppPk2Fx: 51] --------------------------------------------------------------------------------
[2025-03-22 12:01:33] [DEBUG] [GameManager: 47] start level=7
[2025-03-22 12:02:31] [DEBUG] [GameManager:186] updateGame E_APP_ONELESSLIFE enemies=15 enemyShots=0 heroShots=0
[2025-03-22 12:02:32] [DEBUG] [GameManager: 69] sameLevel level=7
[2025-03-22 12:04:50] [INFO ] [AppPk2Fx: 51] --------------------------------------------------------------------------------
[2025-03-22 12:04:51] [DEBUG] [GameManager: 47] start level=7
[2025-03-22 12:04:57] [DEBUG] [GameManager:186] updateGame E_APP_ONELESSLIFE enemies=7 enemyShots=0 heroShots=0
[2025-03-22 12:04:57] [DEBUG] [GameManager: 69] sameLevel level=7
[2025-03-22 12:05:29] [DEBUG] [GameManager:186] updateGame E_APP_ONELESSLIFE enemies=16 enemyShots=0 heroShots=0
[2025-03-22 12:05:30] [DEBUG] [GameManager: 69] sameLevel level=7
[2025-03-22 12:05:31] [DEBUG] [GameManager:184] updateGame E_APP_LOST enemies=16 enemyShots=0 heroShots=0
[2025-03-22 12:05:33] [DEBUG] [GameManager: 47] start level=7
[2025-03-22 12:07:07] [INFO ] [AppPk2Fx: 51] --------------------------------------------------------------------------------
[2025-03-22 12:07:08] [DEBUG] [GameManager: 47] start level=7
[2025-03-22 12:15:37] [INFO ] [AppPk2Fx: 51] --------------------------------------------------------------------------------
[2025-03-22 12:15:38] [DEBUG] [GameManager: 47] start level=7
[2025-03-22 12:15:43] [DEBUG] [GameManager:186] updateGame E_APP_ONELESSLIFE enemies=6 enemyShots=0 heroShots=0
[2025-03-22 12:15:43] [DEBUG] [GameManager: 69] sameLevel level=7
[2025-03-22 12:15:45] [DEBUG] [GameManager:186] updateGame E_APP_ONELESSLIFE enemies=6 enemyShots=0 heroShots=0
[2025-03-22 12:15:45] [DEBUG] [GameManager: 69] sameLevel level=7
[2025-03-22 12:15:46] [DEBUG] [GameManager:184] updateGame E_APP_LOST enemies=6 enemyShots=0 heroShots=0
[2025-03-22 12:15:46] [DEBUG] [GameManager: 47] start level=7
[2025-03-22 12:15:49] [DEBUG] [GameManager:186] updateGame E_APP_ONELESSLIFE enemies=3 enemyShots=0 heroShots=1
[2025-03-22 12:15:49] [DEBUG] [GameManager: 69] sameLevel level=7
[2025-03-22 12:15:53] [DEBUG] [GameManager:186] updateGame E_APP_ONELESSLIFE enemies=4 enemyShots=0 heroShots=0
[2025-03-22 12:15:53] [DEBUG] [GameManager: 69] sameLevel level=7
[2025-03-22 12:15:54] [DEBUG] [GameManager:184] updateGame E_APP_LOST enemies=4 enemyShots=0 heroShots=0
[2025-03-22 12:15:55] [DEBUG] [GameManager: 47] start level=7
[2025-03-22 12:15:58] [DEBUG] [GameManager:186] updateGame E_APP_ONELESSLIFE enemies=4 enemyShots=0 heroShots=0
[2025-03-22 12:15:58] [DEBUG] [GameManager: 69] sameLevel level=7
[2025-03-22 12:16:04] [DEBUG] [GameManager:186] updateGame E_APP_ONELESSLIFE enemies=4 enemyShots=0 heroShots=0
[2025-03-22 12:16:04] [DEBUG] [GameManager: 69] sameLevel level=7
[2025-03-22 12:16:07] [DEBUG] [GameManager:184] updateGame E_APP_LOST enemies=4 enemyShots=0 heroShots=0
[2025-03-22 12:16:13] [INFO ] [AppPk2Fx: 51] --------------------------------------------------------------------------------
[2025-03-22 12:16:13] [DEBUG] [GameManager: 47] start level=7
[2025-03-22 12:16:18] [DEBUG] [GameManager:186] updateGame E_APP_ONELESSLIFE enemies=4 enemyShots=0 heroShots=0
[2025-03-22 12:16:19] [DEBUG] [GameManager: 69] sameLevel level=7
[2025-03-26 18:23:53] [INFO ] [AppPk2Fx: 51] --------------------------------------------------------------------------------
[2025-03-26 18:23:54] [DEBUG] [GameManager: 47] start level=7
[2025-03-26 18:29:52] [INFO ] [AppPk2Fx: 51] --------------------------------------------------------------------------------
[2025-03-26 18:29:52] [DEBUG] [GameManager: 47] start level=8
[2025-03-26 18:31:44] [INFO ] [AppPk2Fx: 51] --------------------------------------------------------------------------------
[2025-03-26 18:31:45] [DEBUG] [GameManager: 47] start level=8
[2025-03-26 18:31:54] [DEBUG] [GameManager:185] updateGame E_APP_ONELESSLIFE enemies=0 enemyShots=0 heroShots=0
[2025-03-26 18:31:54] [DEBUG] [GameManager: 69] sameLevel level=8
[2025-03-26 18:32:03] [DEBUG] [GameManager:185] updateGame E_APP_ONELESSLIFE enemies=0 enemyShots=0 heroShots=0
[2025-03-26 18:32:03] [DEBUG] [GameManager: 69] sameLevel level=8
[2025-03-26 18:32:09] [DEBUG] [GameManager:183] updateGame E_APP_LOST enemies=0 enemyShots=0 heroShots=0
[2025-03-26 18:32:10] [DEBUG] [GameManager: 47] start level=8
[2025-03-26 18:32:20] [DEBUG] [GameManager:185] updateGame E_APP_ONELESSLIFE enemies=0 enemyShots=0 heroShots=0
[2025-03-26 18:32:20] [DEBUG] [GameManager: 69] sameLevel level=8
[2025-03-26 18:32:50] [INFO ] [AppPk2Fx: 51] --------------------------------------------------------------------------------
[2025-03-26 18:32:51] [DEBUG] [GameManager: 47] start level=8
[2025-03-26 18:32:57] [DEBUG] [GameManager:185] updateGame E_APP_ONELESSLIFE enemies=0 enemyShots=0 heroShots=0
[2025-03-26 18:32:58] [DEBUG] [GameManager: 69] sameLevel level=8
[2025-03-26 18:33:11] [DEBUG] [GameManager:185] updateGame E_APP_ONELESSLIFE enemies=0 enemyShots=0 heroShots=0
[2025-03-26 18:33:12] [DEBUG] [GameManager: 69] sameLevel level=8
[2025-03-26 18:33:33] [INFO ] [AppPk2Fx: 51] --------------------------------------------------------------------------------
[2025-03-26 18:33:34] [DEBUG] [GameManager: 47] start level=8
[2025-03-26 18:33:42] [DEBUG] [GameManager:185] updateGame E_APP_ONELESSLIFE enemies=0 enemyShots=0 heroShots=0
[2025-03-26 18:33:43] [DEBUG] [GameManager: 69] sameLevel level=8
[2025-03-26 18:34:10] [INFO ] [AppPk2Fx: 51] --------------------------------------------------------------------------------
[2025-03-26 18:34:10] [DEBUG] [GameManager: 47] start level=8
[2025-03-26 18:34:30] [INFO ] [AppPk2Fx: 51] --------------------------------------------------------------------------------
[2025-03-26 18:34:31] [DEBUG] [GameManager: 47] start level=8
[2025-03-26 18:34:39] [DEBUG] [GameManager:185] updateGame E_APP_ONELESSLIFE enemies=0 enemyShots=0 heroShots=0
[2025-03-26 18:34:40] [DEBUG] [GameManager: 69] sameLevel level=8
[2025-03-26 18:34:48] [DEBUG] [GameManager:185] updateGame E_APP_ONELESSLIFE enemies=0 enemyShots=0 heroShots=0
[2025-03-26 18:34:48] [DEBUG] [GameManager: 69] sameLevel level=8
[2025-03-26 18:34:56] [DEBUG] [GameManager:183] updateGame E_APP_LOST enemies=0 enemyShots=0 heroShots=0
[2025-03-26 18:34:57] [DEBUG] [GameManager: 47] start level=8
[2025-03-27 21:24:07] [INFO ] [AppPk2Fx: 51] --------------------------------------------------------------------------------
[2025-03-27 21:24:08] [DEBUG] [GameManager: 47] start level=8
[2025-03-27 21:24:20] [DEBUG] [GameManager:185] updateGame E_APP_ONELESSLIFE enemies=3 enemyShots=3 heroShots=0
[2025-03-27 21:24:33] [INFO ] [AppPk2Fx: 51] --------------------------------------------------------------------------------
[2025-03-27 21:24:34] [DEBUG] [GameManager: 47] start level=8
[2025-03-27 21:25:04] [INFO ] [AppPk2Fx: 51] --------------------------------------------------------------------------------
[2025-03-27 21:25:05] [DEBUG] [GameManager: 47] start level=8
[2025-03-27 21:25:20] [INFO ] [AppPk2Fx: 51] --------------------------------------------------------------------------------
[2025-03-27 21:25:21] [DEBUG] [GameManager: 47] start level=8
[2025-03-27 21:25:24] [DEBUG] [GameManager:185] updateGame E_APP_ONELESSLIFE enemies=6 enemyShots=1 heroShots=0
[2025-03-27 21:25:41] [INFO ] [AppPk2Fx: 51] --------------------------------------------------------------------------------
[2025-03-27 21:25:42] [DEBUG] [GameManager: 47] start level=8
[2025-03-27 21:26:00] [INFO ] [AppPk2Fx: 51] --------------------------------------------------------------------------------
[2025-03-27 21:26:01] [DEBUG] [GameManager: 47] start level=8
[2025-03-27 21:26:03] [DEBUG] [GameManager:185] updateGame E_APP_ONELESSLIFE enemies=6 enemyShots=1 heroShots=0
[2025-03-27 21:26:24] [INFO ] [AppPk2Fx: 51] --------------------------------------------------------------------------------
[2025-03-27 21:26:25] [DEBUG] [GameManager: 47] start level=8
[2025-03-27 21:26:28] [DEBUG] [GameManager:185] updateGame E_APP_ONELESSLIFE enemies=6 enemyShots=1 heroShots=0
[2025-03-27 21:26:47] [INFO ] [AppPk2Fx: 51] --------------------------------------------------------------------------------
[2025-03-27 21:26:47] [DEBUG] [GameManager: 47] start level=8
[2025-03-27 21:54:08] [INFO ] [AppPk2Fx: 51] --------------------------------------------------------------------------------
[2025-03-27 21:54:13] [DEBUG] [GameManager: 47] start level=8
[2025-03-27 21:54:16] [DEBUG] [GameManager:185] updateGame E_APP_ONELESSLIFE enemies=7 enemyShots=1 heroShots=0
[2025-03-27 21:54:36] [INFO ] [AppPk2Fx: 51] --------------------------------------------------------------------------------
[2025-03-27 21:54:36] [DEBUG] [GameManager: 47] start level=8
[2025-03-27 21:54:39] [DEBUG] [GameManager:185] updateGame E_APP_ONELESSLIFE enemies=7 enemyShots=1 heroShots=0
[2025-03-27 21:54:40] [DEBUG] [GameManager: 69] sameLevel level=8
[2025-03-27 21:54:51] [DEBUG] [GameManager:185] updateGame E_APP_ONELESSLIFE enemies=7 enemyShots=1 heroShots=0
[2025-03-27 21:54:52] [DEBUG] [GameManager: 69] sameLevel level=8
[2025-03-27 21:54:54] [DEBUG] [GameManager:183] updateGame E_APP_LOST enemies=7 enemyShots=1 heroShots=0
[2025-03-27 21:54:55] [DEBUG] [GameManager: 47] start level=8
[2025-03-27 21:56:09] [INFO ] [AppPk2Fx: 51] --------------------------------------------------------------------------------
[2025-03-27 21:56:09] [DEBUG] [GameManager: 47] start level=8
[2025-03-27 21:56:11] [DEBUG] [GameManager:185] updateGame E_APP_ONELESSLIFE enemies=7 enemyShots=1 heroShots=0
[2025-03-27 21:56:12] [DEBUG] [GameManager: 69] sameLevel level=8
[2025-03-27 21:56:30] [DEBUG] [GameManager:185] updateGame E_APP_ONELESSLIFE enemies=5 enemyShots=1 heroShots=0
[2025-03-27 21:56:31] [DEBUG] [GameManager: 69] sameLevel level=8
[2025-03-27 21:56:32] [DEBUG] [GameManager:185] updateGame E_APP_ONELESSLIFE enemies=5 enemyShots=1 heroShots=0
[2025-03-27 21:56:33] [DEBUG] [GameManager: 69] sameLevel level=8
[2025-03-27 21:56:34] [DEBUG] [GameManager:183] updateGame E_APP_LOST enemies=5 enemyShots=0 heroShots=0
[2025-03-27 21:56:35] [DEBUG] [GameManager: 47] start level=8
[2025-03-27 21:57:04] [DEBUG] [GameManager:185] updateGame E_APP_ONELESSLIFE enemies=5 enemyShots=0 heroShots=0
[2025-03-27 21:57:05] [DEBUG] [GameManager: 69] sameLevel level=8
[2025-03-27 21:57:12] [DEBUG] [GameManager:185] updateGame E_APP_ONELESSLIFE enemies=4 enemyShots=2 heroShots=0
[2025-03-27 21:57:12] [DEBUG] [GameManager: 69] sameLevel level=8
[2025-03-27 21:58:09] [INFO ] [AppPk2Fx: 51] --------------------------------------------------------------------------------
[2025-03-27 21:58:10] [DEBUG] [GameManager: 47] start level=8
[2025-03-27 21:58:17] [DEBUG] [GameManager:185] updateGame E_APP_ONELESSLIFE enemies=6 enemyShots=4 heroShots=1
[2025-03-27 21:58:18] [DEBUG] [GameManager: 69] sameLevel level=8
[2025-03-27 22:20:32] [INFO ] [AppPk2Fx: 51] --------------------------------------------------------------------------------
[2025-03-27 22:20:35] [DEBUG] [GameManager: 47] start level=8
[2025-03-27 22:21:14] [DEBUG] [GameManager:185] updateGame E_APP_ONELESSLIFE enemies=7 enemyShots=0 heroShots=0
[2025-03-27 22:21:16] [DEBUG] [GameManager: 69] sameLevel level=8
[2025-03-27 22:22:09] [INFO ] [AppPk2Fx: 51] --------------------------------------------------------------------------------
[2025-03-27 22:22:09] [DEBUG] [GameManager: 47] start level=8
[2025-03-27 22:23:27] [INFO ] [AppPk2Fx: 51] --------------------------------------------------------------------------------
[2025-03-27 22:23:29] [DEBUG] [GameManager: 47] start level=8
[2025-03-27 22:24:56] [INFO ] [AppPk2Fx: 51] --------------------------------------------------------------------------------
[2025-03-27 22:24:57] [DEBUG] [GameManager: 47] start level=8
[2025-03-27 22:25:08] [DEBUG] [GameManager:185] updateGame E_APP_ONELESSLIFE enemies=7 enemyShots=0 heroShots=0
[2025-03-27 22:25:55] [INFO ] [AppPk2Fx: 51] --------------------------------------------------------------------------------
[2025-03-27 22:25:55] [DEBUG] [GameManager: 47] start level=8
[2025-03-27 22:26:10] [DEBUG] [GameManager:185] updateGame E_APP_ONELESSLIFE enemies=6 enemyShots=4 heroShots=0
[2025-03-27 22:26:10] [DEBUG] [GameManager: 69] sameLevel level=8
[2025-03-27 22:39:48] [INFO ] [AppPk2Fx: 51] --------------------------------------------------------------------------------
[2025-03-27 22:39:59] [INFO ] [AppPk2Fx: 51] --------------------------------------------------------------------------------
[2025-03-27 22:39:59] [DEBUG] [GameManager: 47] start level=8
[2025-03-27 22:40:16] [DEBUG] [GameManager:185] updateGame E_APP_ONELESSLIFE enemies=5 enemyShots=0 heroShots=0
[2025-03-27 22:41:05] [INFO ] [AppPk2Fx: 51] --------------------------------------------------------------------------------
[2025-03-27 22:41:06] [DEBUG] [GameManager: 47] start level=8
[2025-03-27 22:41:45] [INFO ] [AppPk2Fx: 51] --------------------------------------------------------------------------------
[2025-03-27 22:41:45] [DEBUG] [GameManager: 47] start level=8
[2025-03-27 22:41:52] [DEBUG] [GameManager:185] updateGame E_APP_ONELESSLIFE enemies=7 enemyShots=0 heroShots=0
[2025-03-27 22:41:53] [DEBUG] [GameManager: 69] sameLevel level=8
[2025-03-27 22:41:55] [DEBUG] [GameManager:185] updateGame E_APP_ONELESSLIFE enemies=7 enemyShots=0 heroShots=0
[2025-03-27 22:41:56] [DEBUG] [GameManager: 69] sameLevel level=8
[2025-03-27 22:42:01] [DEBUG] [GameManager:183] updateGame E_APP_LOST enemies=5 enemyShots=2 heroShots=0
[2025-03-27 22:42:30] [INFO ] [AppPk2Fx: 51] --------------------------------------------------------------------------------
[2025-03-27 22:42:30] [DEBUG] [GameManager: 47] start level=8
[2025-03-27 22:42:33] [DEBUG] [GameManager:185] updateGame E_APP_ONELESSLIFE enemies=7 enemyShots=1 heroShots=0
[2025-03-27 22:42:33] [DEBUG] [GameManager: 69] sameLevel level=8
[2025-03-27 22:42:38] [DEBUG] [GameManager:185] updateGame E_APP_ONELESSLIFE enemies=7 enemyShots=1 heroShots=0
[2025-03-27 22:42:38] [DEBUG] [GameManager: 69] sameLevel level=8
[2025-03-27 22:42:42] [DEBUG] [GameManager:183] updateGame E_APP_LOST enemies=6 enemyShots=4 heroShots=0
[2025-03-27 22:48:52] [INFO ] [AppPk2Fx: 51] --------------------------------------------------------------------------------
[2025-03-27 22:48:53] [DEBUG] [GameManager: 47] start level=8
[2025-03-27 22:52:22] [INFO ] [AppPk2Fx: 51] --------------------------------------------------------------------------------
[2025-03-27 22:52:23] [DEBUG] [GameManager: 47] start level=8
[2025-03-28 16:43:12] [INFO ] [AppPk2Fx: 51] --------------------------------------------------------------------------------
[2025-03-28 16:43:14] [DEBUG] [GameManager: 47] start level=8
[2025-03-28 16:43:30] [DEBUG] [GameManager: 59] nextLevel level=9
[2025-03-28 16:43:31] [DEBUG] [GameManager:185] updateGame E_APP_ONELESSLIFE enemies=4 enemyShots=0 heroShots=0
[2025-03-28 16:43:32] [DEBUG] [GameManager: 69] sameLevel level=9
[2025-03-28 16:43:34] [DEBUG] [GameManager:185] updateGame E_APP_ONELESSLIFE enemies=4 enemyShots=0 heroShots=1
[2025-03-28 16:43:34] [DEBUG] [GameManager: 69] sameLevel level=9
[2025-03-28 16:43:35] [DEBUG] [GameManager:183] updateGame E_APP_LOST enemies=4 enemyShots=0 heroShots=0
[2025-03-28 17:12:16] [INFO ] [AppPk2Fx: 51] --------------------------------------------------------------------------------
[2025-03-28 17:12:21] [INFO ] [AppPk2Fx: 51] --------------------------------------------------------------------------------
[2025-03-28 17:12:22] [DEBUG] [GameManager: 47] start level=7
[2025-03-28 17:12:26] [DEBUG] [GameManager:185] updateGame E_APP_ONELESSLIFE enemies=13 enemyShots=0 heroShots=0
[2025-03-28 17:12:26] [DEBUG] [GameManager: 69] sameLevel level=7
[2025-03-28 17:12:29] [DEBUG] [GameManager:185] updateGame E_APP_ONELESSLIFE enemies=13 enemyShots=0 heroShots=0
[2025-03-28 17:12:30] [DEBUG] [GameManager: 69] sameLevel level=7
[2025-03-28 17:12:38] [DEBUG] [GameManager:183] updateGame E_APP_LOST enemies=12 enemyShots=0 heroShots=0
[2025-03-28 17:12:39] [DEBUG] [GameManager: 47] start level=7
[2025-03-28 17:12:43] [DEBUG] [GameManager:185] updateGame E_APP_ONELESSLIFE enemies=12 enemyShots=1 heroShots=1
[2025-03-28 17:12:43] [DEBUG] [GameManager: 69] sameLevel level=7
[2025-03-28 17:12:47] [DEBUG] [GameManager:185] updateGame E_APP_ONELESSLIFE enemies=12 enemyShots=1 heroShots=2
[2025-03-28 17:12:47] [DEBUG] [GameManager: 69] sameLevel level=7
[2025-03-28 17:12:50] [DEBUG] [GameManager:183] updateGame E_APP_LOST enemies=11 enemyShots=0 heroShots=0
[2025-03-28 17:12:51] [DEBUG] [GameManager: 47] start level=7
[2025-03-28 17:13:08] [DEBUG] [GameManager:185] updateGame E_APP_ONELESSLIFE enemies=11 enemyShots=1 heroShots=0
[2025-03-28 17:14:21] [INFO ] [AppPk2Fx: 51] --------------------------------------------------------------------------------
[2025-03-28 17:14:23] [DEBUG] [GameManager: 47] start level=7
[2025-03-28 17:15:03] [INFO ] [AppPk2Fx: 51] --------------------------------------------------------------------------------
[2025-03-28 17:15:04] [DEBUG] [GameManager: 47] start level=7
[2025-03-28 17:15:10] [DEBUG] [GameManager:185] updateGame E_APP_ONELESSLIFE enemies=10 enemyShots=0 heroShots=1
[2025-03-28 17:15:11] [DEBUG] [GameManager: 69] sameLevel level=7
[2025-03-28 17:15:35] [DEBUG] [GameManager:185] updateGame E_APP_ONELESSLIFE enemies=8 enemyShots=1 heroShots=0
[2025-03-28 17:15:36] [DEBUG] [GameManager: 69] sameLevel level=7
[2025-03-28 17:15:44] [DEBUG] [GameManager:185] updateGame E_APP_ONELESSLIFE enemies=7 enemyShots=0 heroShots=4
[2025-03-28 17:15:44] [DEBUG] [GameManager: 69] sameLevel level=7
[2025-03-28 17:16:02] [DEBUG] [GameManager:183] updateGame E_APP_LOST enemies=4 enemyShots=1 heroShots=0
[2025-03-28 17:16:03] [DEBUG] [GameManager: 47] start level=7
[2025-03-28 17:16:08] [DEBUG] [GameManager:185] updateGame E_APP_ONELESSLIFE enemies=10 enemyShots=2 heroShots=1
[2025-03-28 17:16:08] [DEBUG] [GameManager: 69] sameLevel level=7
[2025-03-28 17:16:11] [DEBUG] [GameManager:185] updateGame E_APP_ONELESSLIFE enemies=9 enemyShots=0 heroShots=1
[2025-03-28 17:16:12] [DEBUG] [GameManager: 69] sameLevel level=7
[2025-03-28 17:16:35] [DEBUG] [GameManager:185] updateGame E_APP_ONELESSLIFE enemies=7 enemyShots=2 heroShots=0
[2025-03-28 17:16:36] [DEBUG] [GameManager: 69] sameLevel level=7
[2025-03-28 17:16:54] [DEBUG] [GameManager:183] updateGame E_APP_LOST enemies=7 enemyShots=2 heroShots=0
[2025-03-28 17:16:54] [DEBUG] [GameManager: 47] start level=7
[2025-03-28 17:16:56] [DEBUG] [GameManager:185] updateGame E_APP_ONELESSLIFE enemies=11 enemyShots=0 heroShots=1
[2025-03-28 17:16:57] [DEBUG] [GameManager: 69] sameLevel level=7
[2025-03-28 17:16:59] [DEBUG] [GameManager:185] updateGame E_APP_ONELESSLIFE enemies=11 enemyShots=0 heroShots=0
[2025-03-28 17:16:59] [DEBUG] [GameManager: 69] sameLevel level=7
[2025-03-28 17:17:19] [DEBUG] [GameManager:185] updateGame E_APP_ONELESSLIFE enemies=9 enemyShots=1 heroShots=0
[2025-03-28 17:17:19] [DEBUG] [GameManager: 69] sameLevel level=7
[2025-03-28 17:17:27] [DEBUG] [GameManager:183] updateGame E_APP_LOST enemies=9 enemyShots=2 heroShots=0
[2025-03-28 17:17:28] [DEBUG] [GameManager: 47] start level=7
[2025-03-28 17:17:40] [DEBUG] [GameManager:185] updateGame E_APP_ONELESSLIFE enemies=11 enemyShots=2 heroShots=0
[2025-03-28 17:17:40] [DEBUG] [GameManager: 69] sameLevel level=7
[2025-03-28 17:17:42] [DEBUG] [GameManager:185] updateGame E_APP_ONELESSLIFE enemies=11 enemyShots=0 heroShots=0
[2025-03-28 17:17:42] [DEBUG] [GameManager: 69] sameLevel level=7
[2025-03-28 17:17:44] [DEBUG] [GameManager:183] updateGame E_APP_LOST enemies=10 enemyShots=0 heroShots=0
[2025-03-28 17:17:45] [DEBUG] [GameManager: 47] start level=7
[2025-03-28 17:17:47] [DEBUG] [GameManager:185] updateGame E_APP_ONELESSLIFE enemies=10 enemyShots=0 heroShots=0
[2025-03-28 17:17:48] [DEBUG] [GameManager: 69] sameLevel level=7
[2025-03-28 17:17:52] [DEBUG] [GameManager:185] updateGame E_APP_ONELESSLIFE enemies=9 enemyShots=0 heroShots=0
[2025-03-28 17:17:52] [DEBUG] [GameManager: 69] sameLevel level=7
[2025-03-28 17:18:13] [DEBUG] [GameManager:185] updateGame E_APP_ONELESSLIFE enemies=4 enemyShots=1 heroShots=0
[2025-03-28 17:18:13] [DEBUG] [GameManager: 69] sameLevel level=7
[2025-03-28 17:18:44] [DEBUG] [GameManager:183] updateGame E_APP_LOST enemies=1 enemyShots=1 heroShots=0
[2025-03-28 17:18:45] [DEBUG] [GameManager: 47] start level=7
[2025-03-28 17:19:01] [DEBUG] [GameManager:185] updateGame E_APP_ONELESSLIFE enemies=10 enemyShots=1 heroShots=0
[2025-03-28 17:19:01] [DEBUG] [GameManager: 69] sameLevel level=7
[2025-03-28 17:19:03] [DEBUG] [GameManager:185] updateGame E_APP_ONELESSLIFE enemies=10 enemyShots=0 heroShots=1
[2025-03-28 17:19:04] [DEBUG] [GameManager: 69] sameLevel level=7
[2025-03-28 17:19:06] [DEBUG] [GameManager:183] updateGame E_APP_LOST enemies=9 enemyShots=0 heroShots=0
[2025-03-28 17:19:06] [DEBUG] [GameManager: 47] start level=7
[2025-03-28 17:19:28] [DEBUG] [GameManager:185] updateGame E_APP_ONELESSLIFE enemies=7 enemyShots=1 heroShots=0
[2025-03-28 17:19:28] [DEBUG] [GameManager: 69] sameLevel level=7
[2025-03-28 17:19:38] [DEBUG] [GameManager:185] updateGame E_APP_ONELESSLIFE enemies=7 enemyShots=1 heroShots=0
[2025-03-28 17:19:38] [DEBUG] [GameManager: 69] sameLevel level=7
[2025-03-28 17:19:44] [DEBUG] [GameManager:183] updateGame E_APP_LOST enemies=6 enemyShots=1 heroShots=0
[2025-03-28 17:19:45] [DEBUG] [GameManager: 47] start level=7
[2025-03-28 17:19:47] [DEBUG] [GameManager:185] updateGame E_APP_ONELESSLIFE enemies=10 enemyShots=0 heroShots=0
[2025-03-28 17:19:47] [DEBUG] [GameManager: 69] sameLevel level=7
[2025-03-28 17:19:58] [DEBUG] [GameManager:185] updateGame E_APP_ONELESSLIFE enemies=7 enemyShots=1 heroShots=0
[2025-03-28 17:19:59] [DEBUG] [GameManager: 69] sameLevel level=7
[2025-03-28 17:20:32] [DEBUG] [GameManager: 59] nextLevel level=8
[2025-03-28 17:22:03] [INFO ] [AppPk2Fx: 51] --------------------------------------------------------------------------------
[2025-03-28 17:22:04] [DEBUG] [GameManager: 47] start level=8
[2025-03-28 17:22:12] [DEBUG] [GameManager:185] updateGame E_APP_ONELESSLIFE enemies=6 enemyShots=0 heroShots=0
[2025-03-28 17:22:13] [DEBUG] [GameManager: 69] sameLevel level=8
[2025-03-28 17:22:15] [DEBUG] [Ghost: 46] Ghost spawned: 2
[2025-03-28 17:22:22] [DEBUG] [GameManager:185] updateGame E_APP_ONELESSLIFE enemies=7 enemyShots=0 heroShots=1
[2025-03-28 17:22:23] [DEBUG] [GameManager: 69] sameLevel level=8
[2025-03-28 17:22:25] [DEBUG] [Ghost: 46] Ghost spawned: 2
[2025-03-28 17:22:26] [DEBUG] [GameManager:183] updateGame E_APP_LOST enemies=8 enemyShots=0 heroShots=2
[2025-03-28 17:22:27] [DEBUG] [GameManager: 47] start level=8
[2025-03-28 17:22:31] [DEBUG] [Ghost: 46] Ghost spawned: 0
[2025-03-28 17:22:32] [DEBUG] [Ghost: 46] Ghost spawned: 0
[2025-03-28 17:22:34] [DEBUG] [Ghost: 46] Ghost spawned: 2
[2025-03-28 17:22:37] [DEBUG] [Ghost: 46] Ghost spawned: 2
[2025-03-28 17:22:38] [DEBUG] [Ghost: 46] Ghost spawned: 2
[2025-03-28 17:22:40] [DEBUG] [Ghost: 46] Ghost spawned: 0
[2025-03-28 17:22:56] [DEBUG] [Ghost: 46] Ghost spawned: 2
[2025-03-28 17:22:58] [DEBUG] [Ghost: 46] Ghost spawned: 2
[2025-03-28 17:22:59] [DEBUG] [GameManager:185] updateGame E_APP_ONELESSLIFE enemies=8 enemyShots=0 heroShots=0
[2025-03-28 17:23:00] [DEBUG] [GameManager: 69] sameLevel level=8
[2025-03-28 17:23:03] [DEBUG] [Ghost: 46] Ghost spawned: 2
[2025-03-28 17:23:04] [DEBUG] [Ghost: 46] Ghost spawned: 2
[2025-03-28 17:23:04] [DEBUG] [Ghost: 46] Ghost spawned: 2
[2025-03-28 17:23:04] [DEBUG] [Ghost: 46] Ghost spawned: 0
[2025-03-28 17:23:05] [DEBUG] [Ghost: 46] Ghost spawned: 0
[2025-03-28 17:23:05] [DEBUG] [Ghost: 46] Ghost spawned: 2
[2025-03-28 17:23:06] [DEBUG] [Ghost: 46] Ghost spawned: 2
[2025-03-28 17:23:08] [DEBUG] [Ghost: 46] Ghost spawned: 2
[2025-03-28 17:23:11] [DEBUG] [Ghost: 46] Ghost spawned: 2
[2025-03-28 17:23:11] [DEBUG] [Ghost: 46] Ghost spawned: 2
[2025-03-28 17:23:11] [DEBUG] [Ghost: 46] Ghost spawned: 2
[2025-03-28 17:23:12] [DEBUG] [Ghost: 46] Ghost spawned: 2
[2025-03-28 17:23:13] [DEBUG] [Ghost: 46] Ghost spawned: 0
[2025-03-28 17:23:18] [DEBUG] [Ghost: 46] Ghost spawned: 2
[2025-03-28 17:23:20] [DEBUG] [Ghost: 46] Ghost spawned: 0
[2025-03-28 17:23:20] [DEBUG] [Ghost: 46] Ghost spawned: 0
[2025-03-28 17:23:25] [DEBUG] [Ghost: 46] Ghost spawned: 0
[2025-03-28 17:23:27] [DEBUG] [Ghost: 46] Ghost spawned: 2
[2025-03-28 17:23:27] [DEBUG] [Ghost: 46] Ghost spawned: 2
[2025-03-28 17:23:29] [DEBUG] [Ghost: 46] Ghost spawned: 2
[2025-03-28 17:23:37] [DEBUG] [Ghost: 46] Ghost spawned: 0
[2025-03-28 17:23:38] [DEBUG] [Ghost: 46] Ghost spawned: 0
[2025-03-28 17:23:38] [DEBUG] [Ghost: 46] Ghost spawned: 2
[2025-03-28 17:23:38] [DEBUG] [Ghost: 46] Ghost spawned: 2
[2025-03-28 17:23:38] [DEBUG] [Ghost: 46] Ghost spawned: 2
[2025-03-28 17:23:39] [DEBUG] [Ghost: 46] Ghost spawned: 2
[2025-03-28 17:23:40] [DEBUG] [Ghost: 46] Ghost spawned: 0
[2025-03-28 17:23:41] [DEBUG] [Ghost: 46] Ghost spawned: 2
[2025-03-28 17:23:41] [DEBUG] [Ghost: 46] Ghost spawned: 0
[2025-03-28 17:23:48] [DEBUG] [Ghost: 46] Ghost spawned: 0
[2025-03-28 17:23:49] [DEBUG] [GameManager:185] updateGame E_APP_ONELESSLIFE enemies=16 enemyShots=0 heroShots=1
[2025-03-28 17:23:49] [DEBUG] [GameManager: 69] sameLevel level=8
[2025-03-28 17:23:50] [DEBUG] [GameManager:183] updateGame E_APP_LOST enemies=16 enemyShots=0 heroShots=0
[2025-03-28 17:23:51] [DEBUG] [GameManager: 47] start level=8
[2025-03-28 17:23:56] [DEBUG] [Ghost: 46] Ghost spawned: 2
[2025-03-28 17:23:56] [DEBUG] [Ghost: 46] Ghost spawned: 0
[2025-03-28 17:23:59] [DEBUG] [Ghost: 46] Ghost spawned: 2
[2025-03-28 17:24:00] [DEBUG] [Ghost: 46] Ghost spawned: 2
[2025-03-28 17:24:00] [DEBUG] [Ghost: 46] Ghost spawned: 0
[2025-03-28 17:24:01] [DEBUG] [GameManager:185] updateGame E_APP_ONELESSLIFE enemies=7 enemyShots=0 heroShots=0
[2025-03-28 17:24:01] [DEBUG] [GameManager: 69] sameLevel level=8
[2025-03-28 17:24:04] [DEBUG] [Ghost: 46] Ghost spawned: 2
[2025-03-28 17:24:04] [DEBUG] [Ghost: 46] Ghost spawned: 2
[2025-03-28 17:24:04] [DEBUG] [Ghost: 46] Ghost spawned: 2
[2025-03-28 17:24:04] [DEBUG] [Ghost: 46] Ghost spawned: 0
[2025-03-28 17:24:05] [DEBUG] [Ghost: 46] Ghost spawned: 2
[2025-03-28 17:24:05] [DEBUG] [Ghost: 46] Ghost spawned: 0
[2025-03-28 17:24:05] [DEBUG] [GameManager:185] updateGame E_APP_ONELESSLIFE enemies=9 enemyShots=0 heroShots=0
[2025-03-28 17:24:18] [INFO ] [AppPk2Fx: 51] --------------------------------------------------------------------------------
[2025-03-28 17:24:20] [DEBUG] [GameManager: 47] start level=8
[2025-03-28 17:24:25] [DEBUG] [Ghost: 46] Ghost spawned: 2
[2025-03-28 17:24:25] [DEBUG] [Ghost: 46] Ghost spawned: 2
[2025-03-28 17:24:26] [DEBUG] [Ghost: 46] Ghost spawned: 0
[2025-03-28 17:24:28] [DEBUG] [Ghost: 46] Ghost spawned: 2
[2025-03-28 17:24:28] [DEBUG] [Ghost: 46] Ghost spawned: 0
[2025-03-28 17:24:29] [DEBUG] [Ghost: 46] Ghost spawned: 0
[2025-03-28 17:24:36] [DEBUG] [Ghost: 46] Ghost spawned: 2
[2025-03-28 17:24:36] [DEBUG] [Ghost: 46] Ghost spawned: 0
[2025-03-28 17:24:37] [DEBUG] [GameManager:185] updateGame E_APP_ONELESSLIFE enemies=6 enemyShots=0 heroShots=0
[2025-03-28 17:24:37] [DEBUG] [GameManager: 69] sameLevel level=8
[2025-03-28 17:24:53] [DEBUG] [Ghost: 46] Ghost spawned: 0
[2025-03-28 17:24:53] [DEBUG] [Ghost: 46] Ghost spawned: 2
[2025-03-28 17:24:53] [DEBUG] [Ghost: 46] Ghost spawned: 0
[2025-03-28 17:25:01] [DEBUG] [Ghost: 46] Ghost spawned: 2
[2025-03-28 17:25:01] [DEBUG] [Ghost: 46] Ghost spawned: 2
[2025-03-28 17:25:01] [DEBUG] [Ghost: 46] Ghost spawned: 0
[2025-03-28 17:25:04] [DEBUG] [Ghost: 46] Ghost spawned: 0
[2025-03-28 17:25:08] [DEBUG] [Ghost: 46] Ghost spawned: 0
[2025-03-28 17:25:09] [DEBUG] [Ghost: 46] Ghost spawned: 2
[2025-03-28 17:25:09] [DEBUG] [Ghost: 46] Ghost spawned: 0
[2025-03-28 17:25:10] [DEBUG] [Ghost: 46] Ghost spawned: 0
[2025-03-28 17:25:10] [DEBUG] [Ghost: 46] Ghost spawned: 0
[2025-03-28 17:25:27] [DEBUG] [GameManager:185] updateGame E_APP_ONELESSLIFE enemies=2 enemyShots=1 heroShots=0
[2025-03-28 17:25:27] [DEBUG] [GameManager: 69] sameLevel level=8
[2025-03-28 17:25:28] [DEBUG] [GameManager:183] updateGame E_APP_LOST enemies=2 enemyShots=0 heroShots=0
[2025-03-28 17:25:29] [DEBUG] [GameManager: 47] start level=8
[2025-03-28 17:25:37] [DEBUG] [GameManager:185] updateGame E_APP_ONELESSLIFE enemies=6 enemyShots=0 heroShots=0
[2025-03-28 17:25:51] [INFO ] [AppPk2Fx: 51] --------------------------------------------------------------------------------
[2025-03-28 17:25:52] [DEBUG] [GameManager: 47] start level=8
[2025-03-28 17:26:12] [INFO ] [AppPk2Fx: 51] --------------------------------------------------------------------------------
[2025-03-28 17:26:12] [DEBUG] [GameManager: 47] start level=8
[2025-03-28 17:26:18] [DEBUG] [Ghost: 46] Ghost spawned: 2
[2025-03-28 17:26:18] [DEBUG] [Ghost: 46] Ghost spawned: 0
[2025-03-28 17:26:20] [DEBUG] [Ghost: 46] Ghost spawned: 0
[2025-03-28 17:26:26] [DEBUG] [GameManager:185] updateGame E_APP_ONELESSLIFE enemies=5 enemyShots=0 heroShots=0
[2025-03-28 17:26:26] [DEBUG] [GameManager: 69] sameLevel level=8
[2025-03-28 17:26:27] [DEBUG] [Ghost: 46] Ghost spawned: 0
[2025-03-28 17:26:27] [DEBUG] [GameManager:185] updateGame E_APP_ONELESSLIFE enemies=4 enemyShots=0 heroShots=0
[2025-03-28 17:26:28] [DEBUG] [GameManager: 69] sameLevel level=8
[2025-03-28 17:26:31] [DEBUG] [Ghost: 46] Ghost spawned: 0
[2025-03-28 17:26:34] [DEBUG] [Ghost: 46] Ghost spawned: 0
[2025-03-28 17:26:51] [DEBUG] [Ghost: 46] Ghost spawned: 0
[2025-03-28 17:27:22] [DEBUG] [GameManager:183] updateGame E_APP_LOST enemies=0 enemyShots=0 heroShots=0
[2025-03-28 17:27:23] [DEBUG] [GameManager: 47] start level=8
[2025-03-28 17:29:51] [INFO ] [AppPk2Fx: 51] --------------------------------------------------------------------------------
[2025-03-28 17:29:51] [DEBUG] [GameManager: 47] start level=8
[2025-03-28 17:29:57] [DEBUG] [Ghost: 46] Ghost spawned: 2
[2025-03-28 17:29:58] [DEBUG] [GameManager:185] updateGame E_APP_ONELESSLIFE enemies=7 enemyShots=0 heroShots=0
[2025-03-28 17:29:59] [DEBUG] [GameManager: 69] sameLevel level=8
[2025-03-28 17:30:00] [DEBUG] [Ghost: 46] Ghost spawned: 0
[2025-03-28 17:30:01] [DEBUG] [Ghost: 46] Ghost spawned: 0
[2025-03-28 17:30:06] [DEBUG] [GameManager:185] updateGame E_APP_ONELESSLIFE enemies=5 enemyShots=0 heroShots=0
[2025-03-28 17:30:07] [DEBUG] [GameManager: 69] sameLevel level=8
[2025-03-28 17:30:10] [DEBUG] [Ghost: 46] Ghost spawned: 0
[2025-03-28 17:30:12] [DEBUG] [Ghost: 46] Ghost spawned: 0
[2025-03-28 17:30:15] [DEBUG] [Ghost: 46] Ghost spawned: 0
[2025-03-28 17:30:19] [DEBUG] [GameManager:185] updateGame E_APP_ONELESSLIFE enemies=2 enemyShots=0 heroShots=0
[2025-03-28 17:30:19] [DEBUG] [GameManager: 69] sameLevel level=8
[2025-03-28 17:30:44] [DEBUG] [Ghost: 46] Ghost spawned: 2
[2025-03-28 17:30:45] [DEBUG] [Ghost: 46] Ghost spawned: 2
[2025-03-28 17:30:45] [DEBUG] [GameManager:183] updateGame E_APP_LOST enemies=3 enemyShots=0 heroShots=0
[2025-03-28 17:30:46] [DEBUG] [GameManager: 47] start level=8
[2025-03-28 17:31:04] [INFO ] [AppPk2Fx: 51] --------------------------------------------------------------------------------
[2025-03-28 17:31:05] [DEBUG] [GameManager: 47] start level=8
[2025-03-28 17:31:10] [DEBUG] [Ghost: 46] Ghost spawned: 0
[2025-03-28 17:31:12] [DEBUG] [Ghost: 46] Ghost spawned: 2
[2025-03-28 17:31:13] [DEBUG] [GameManager:185] updateGame E_APP_ONELESSLIFE enemies=6 enemyShots=0 heroShots=0
[2025-03-28 17:31:14] [DEBUG] [GameManager: 69] sameLevel level=8
[2025-03-28 17:31:17] [DEBUG] [Ghost: 46] Ghost spawned: 0
[2025-03-28 17:31:21] [DEBUG] [Ghost: 46] Ghost spawned: 0
[2025-03-28 17:31:36] [DEBUG] [Ghost: 46] Ghost spawned: 2
[2025-03-28 17:31:37] [DEBUG] [Ghost: 46] Ghost spawned: 0
[2025-03-28 17:31:37] [DEBUG] [Ghost: 46] Ghost spawned: 2
[2025-03-28 17:31:37] [DEBUG] [Ghost: 46] Ghost spawned: 0
[2025-03-28 17:31:39] [DEBUG] [Ghost: 46] Ghost spawned: 0
[2025-03-28 17:31:42] [DEBUG] [Ghost: 46] Ghost spawned: 2
[2025-03-28 17:31:44] [DEBUG] [Ghost: 46] Ghost spawned: 0
[2025-03-28 17:31:46] [DEBUG] [Ghost: 46] Ghost spawned: 0
[2025-03-28 17:31:47] [DEBUG] [Ghost: 46] Ghost spawned: 2
[2025-03-28 17:31:50] [DEBUG] [Ghost: 46] Ghost spawned: 0
[2025-03-28 17:32:00] [DEBUG] [Ghost: 46] Ghost spawned: 0
[2025-03-28 17:32:39] [DEBUG] [GameManager:185] updateGame E_APP_ONELESSLIFE enemies=0 enemyShots=0 heroShots=0
[2025-03-28 17:32:40] [DEBUG] [GameManager: 69] sameLevel level=8
[2025-03-28 17:38:17] [INFO ] [AppPk2Fx: 51] --------------------------------------------------------------------------------
[2025-03-28 17:38:18] [DEBUG] [GameManager: 47] start level=1
[2025-03-28 17:38:21] [DEBUG] [GameManager: 59] nextLevel level=2
[2025-03-28 17:38:24] [DEBUG] [GameManager: 59] nextLevel level=3
[2025-03-28 17:38:26] [DEBUG] [GameManager: 59] nextLevel level=4
[2025-03-28 17:38:28] [DEBUG] [GameManager: 59] nextLevel level=5
[2025-03-28 17:38:30] [DEBUG] [GameManager: 59] nextLevel level=6
[2025-03-28 17:38:35] [DEBUG] [GameManager: 59] nextLevel level=7
[2025-03-28 17:38:40] [DEBUG] [GameManager:185] updateGame E_APP_ONELESSLIFE enemies=11 enemyShots=1 heroShots=0
[2025-03-28 17:38:40] [DEBUG] [GameManager: 69] sameLevel level=7
[2025-03-28 17:39:37] [DEBUG] [GameManager: 59] nextLevel level=8
[2025-03-28 17:39:41] [DEBUG] [Ghost: 46] Ghost spawned: 0
[2025-03-28 17:39:42] [DEBUG] [Ghost: 46] Ghost spawned: 0
[2025-03-28 17:39:43] [DEBUG] [Ghost: 46] Ghost spawned: 0
[2025-03-28 17:39:57] [DEBUG] [Ghost: 46] Ghost spawned: 2
[2025-03-28 17:39:57] [DEBUG] [Ghost: 46] Ghost spawned: 2
[2025-03-28 17:39:58] [DEBUG] [GameManager:185] updateGame E_APP_ONELESSLIFE enemies=4 enemyShots=0 heroShots=1
[2025-03-28 17:39:58] [DEBUG] [GameManager: 69] sameLevel level=8
[2025-03-28 17:40:02] [DEBUG] [Ghost: 46] Ghost spawned: 0
[2025-03-28 17:40:02] [DEBUG] [Ghost: 46] Ghost spawned: 0
[2025-03-28 17:40:03] [DEBUG] [Ghost: 46] Ghost spawned: 0
[2025-03-28 17:40:05] [DEBUG] [GameManager:185] updateGame E_APP_ONELESSLIFE enemies=1 enemyShots=0 heroShots=0
[2025-03-28 17:40:05] [DEBUG] [GameManager: 69] sameLevel level=8
[2025-03-28 17:40:09] [DEBUG] [Ghost: 46] Ghost spawned: 0
[2025-03-28 17:40:53] [DEBUG] [GameManager:183] updateGame E_APP_LOST enemies=0 enemyShots=0 heroShots=0
[2025-03-28 17:40:53] [DEBUG] [GameManager: 47] start level=1
[2025-03-28 18:53:11] [INFO ] [AppPk2Fx: 51] --------------------------------------------------------------------------------
[2025-03-28 18:53:11] [DEBUG] [GameManager: 47] start level=7
[2025-03-28 18:53:12] [DEBUG] [GameManager: 55] enemies=11 items=5
[2025-03-28 18:53:31] [DEBUG] [GameManager:246] lifes=3
[2025-03-28 18:53:42] [DEBUG] [GameManager:187] updateGame E_APP_ONELESSLIFE enemies=10 enemyShots=3 heroShots=0
[2025-03-28 18:53:42] [DEBUG] [GameManager: 71] sameLevel level=7
[2025-03-28 18:54:11] [DEBUG] [GameManager:250] lifes=230
[2025-03-28 18:54:20] [DEBUG] [GameManager:250] lifes=320
[2025-03-28 18:54:25] [DEBUG] [GameManager: 60] nextLevel level=8
[2025-03-28 18:54:25] [DEBUG] [GameManager: 66] enemies=6 items=3
[2025-03-28 18:54:31] [DEBUG] [Ghost: 46] Ghost spawned: 0
[2025-03-28 18:54:34] [DEBUG] [Ghost: 46] Ghost spawned: 2
[2025-03-28 18:54:35] [DEBUG] [GameManager:187] updateGame E_APP_ONELESSLIFE enemies=6 enemyShots=0 heroShots=0
[2025-03-28 18:54:35] [DEBUG] [GameManager: 71] sameLevel level=8
[2025-03-28 18:54:38] [DEBUG] [Ghost: 46] Ghost spawned: 0
[2025-03-28 18:54:42] [DEBUG] [Ghost: 46] Ghost spawned: 2
[2025-03-28 18:54:42] [DEBUG] [Ghost: 46] Ghost spawned: 2
[2025-03-28 18:54:42] [DEBUG] [Ghost: 46] Ghost spawned: 0
[2025-03-28 18:54:46] [DEBUG] [Ghost: 46] Ghost spawned: 0
[2025-03-28 18:54:46] [DEBUG] [Ghost: 46] Ghost spawned: 2
[2025-03-28 18:54:46] [DEBUG] [Ghost: 46] Ghost spawned: 0
[2025-03-28 18:54:49] [DEBUG] [GameManager:185] updateGame E_APP_LOST enemies=5 enemyShots=0 heroShots=1
[2025-03-28 18:54:50] [DEBUG] [GameManager: 47] start level=7
[2025-03-28 18:54:50] [DEBUG] [GameManager: 55] enemies=11 items=5
[2025-03-28 18:54:55] [DEBUG] [GameManager:187] updateGame E_APP_ONELESSLIFE enemies=11 enemyShots=2 heroShots=0
[2025-03-28 18:55:19] [INFO ] [AppPk2Fx: 51] --------------------------------------------------------------------------------
[2025-03-28 18:55:24] [DEBUG] [GameManager: 47] start level=9
[2025-03-28 18:55:24] [DEBUG] [GameManager: 55] enemies=10 items=5
[2025-03-28 18:55:48] [DEBUG] [GameManager:187] updateGame E_APP_ONELESSLIFE enemies=6 enemyShots=2 heroShots=0
[2025-03-28 18:55:49] [DEBUG] [GameManager: 71] sameLevel level=9
[2025-03-28 18:56:12] [DEBUG] [GameManager:250] score=170
[2025-03-28 18:56:15] [DEBUG] [GameManager:187] updateGame E_APP_ONELESSLIFE enemies=3 enemyShots=2 heroShots=1
[2025-03-28 18:56:15] [DEBUG] [GameManager: 71] sameLevel level=9
[2025-03-28 18:56:39] [DEBUG] [GameManager:246] lifes=2
[2025-03-28 18:57:02] [DEBUG] [GameManager:250] score=300
[2025-03-28 18:57:11] [DEBUG] [GameManager: 60] nextLevel level=10
[2025-03-28 18:57:11] [DEBUG] [GameManager: 66] enemies=4 items=0
[2025-03-28 18:58:23] [INFO ] [AppPk2Fx: 51] --------------------------------------------------------------------------------
[2025-03-28 18:58:32] [DEBUG] [GameManager: 47] start level=7
[2025-03-28 18:58:32] [DEBUG] [GameManager: 55] enemies=11 items=5
[2025-03-28 23:39:44] [INFO ] [AppPk2Fx: 51] --------------------------------------------------------------------------------
[2025-03-28 23:39:45] [DEBUG] [GameManager: 47] start level=7
[2025-03-28 23:39:45] [DEBUG] [GameManager: 55] enemies=11 items=5
[2025-03-28 23:40:32] [INFO ] [AppPk2Fx: 51] --------------------------------------------------------------------------------
[2025-03-28 23:40:33] [DEBUG] [GameManager: 47] start level=7
[2025-03-28 23:40:33] [DEBUG] [GameManager: 55] enemies=11 items=5
[2025-03-28 23:40:44] [DEBUG] [GameManager:187] updateGame E_APP_ONELESSLIFE enemies=11 enemyShots=3 heroShots=0
[2025-03-28 23:40:44] [DEBUG] [GameManager: 71] sameLevel level=7
[2025-03-28 23:40:55] [DEBUG] [GameManager:246] lifes=3
[2025-03-28 23:41:11] [DEBUG] [GameManager:250] score=210
[2025-03-28 23:41:16] [DEBUG] [GameManager:250] score=260
[2025-03-28 23:41:21] [DEBUG] [GameManager: 60] nextLevel level=8
[2025-03-28 23:41:21] [DEBUG] [GameManager: 66] enemies=6 items=3
[2025-03-28 23:41:25] [DEBUG] [Ghost: 46] Ghost spawned: 2
[2025-03-28 23:41:27] [DEBUG] [Ghost: 46] Ghost spawned: 0
[2025-03-28 23:41:29] [DEBUG] [Ghost: 46] Ghost spawned: 0
[2025-03-28 23:41:30] [DEBUG] [Ghost: 46] Ghost spawned: 2
[2025-03-28 23:41:43] [DEBUG] [Ghost: 46] Ghost spawned: 0
[2025-03-28 23:41:46] [DEBUG] [GameManager:246] lifes=3
[2025-03-28 23:41:53] [DEBUG] [GameManager:250] score=530
[2025-03-28 23:41:55] [DEBUG] [Ghost: 46] Ghost spawned: 0
[2025-03-28 23:41:57] [DEBUG] [Ghost: 46] Ghost spawned: 0
[2025-03-28 23:42:10] [DEBUG] [Ghost: 46] Ghost spawned: 2
[2025-03-28 23:42:24] [DEBUG] [Ghost: 46] Ghost spawned: 0
[2025-03-28 23:42:25] [DEBUG] [Ghost: 46] Ghost spawned: 2
[2025-03-28 23:42:27] [DEBUG] [Ghost: 46] Ghost spawned: 0
[2025-03-28 23:42:29] [DEBUG] [Ghost: 46] Ghost spawned: 0
[2025-03-28 23:42:35] [DEBUG] [Ghost: 46] Ghost spawned: 0
[2025-03-28 23:43:04] [DEBUG] [GameManager:250] score=740
[2025-03-28 23:43:07] [DEBUG] [GameManager: 60] nextLevel level=9
[2025-03-28 23:43:07] [DEBUG] [GameManager: 66] enemies=10 items=5
[2025-03-28 23:43:38] [DEBUG] [GameManager:246] lifes=3
[2025-03-28 23:43:50] [DEBUG] [GameManager: 60] nextLevel level=10
[2025-03-28 23:43:50] [DEBUG] [GameManager: 66] enemies=4 items=0
[2025-03-28 23:51:37] [INFO ] [AppPk2Fx: 51] --------------------------------------------------------------------------------
[2025-03-28 23:51:41] [DEBUG] [GameManager: 47] start level=7
[2025-03-28 23:51:41] [DEBUG] [GameManager: 55] enemies=11 items=5
[2025-03-28 23:52:05] [DEBUG] [GameManager:187] updateGame E_APP_ONELESSLIFE enemies=11 enemyShots=1 heroShots=0
[2025-03-28 23:52:07] [DEBUG] [GameManager: 71] sameLevel level=7
[2025-03-28 23:52:21] [INFO ] [AppPk2Fx: 51] --------------------------------------------------------------------------------
[2025-03-28 23:52:22] [DEBUG] [GameManager: 47] start level=7
[2025-03-28 23:52:22] [DEBUG] [GameManager: 55] enemies=11 items=5
[2025-03-28 23:52:29] [DEBUG] [GameManager:187] updateGame E_APP_ONELESSLIFE enemies=11 enemyShots=0 heroShots=0
[2025-03-28 23:52:29] [DEBUG] [GameManager: 71] sameLevel level=7
[2025-03-28 23:52:52] [INFO ] [AppPk2Fx: 51] --------------------------------------------------------------------------------
[2025-03-28 23:52:55] [DEBUG] [GameManager: 47] start level=7
[2025-03-28 23:52:55] [DEBUG] [GameManager: 55] enemies=11 items=5
[2025-03-28 23:53:14] [INFO ] [AppPk2Fx: 51] --------------------------------------------------------------------------------
[2025-03-28 23:53:14] [DEBUG] [GameManager: 47] start level=7
[2025-03-28 23:53:14] [DEBUG] [GameManager: 55] enemies=11 items=5
[2025-03-28 23:53:25] [INFO ] [AppPk2Fx: 51] --------------------------------------------------------------------------------
[2025-03-28 23:53:25] [DEBUG] [GameManager: 47] start level=7
[2025-03-28 23:53:25] [DEBUG] [GameManager: 55] enemies=11 items=5
[2025-03-28 23:53:32] [DEBUG] [GameManager:246] lifes=3
[2025-03-28 23:53:35] [DEBUG] [GameManager:187] updateGame E_APP_ONELESSLIFE enemies=11 enemyShots=1 heroShots=0
[2025-03-28 23:53:35] [DEBUG] [GameManager: 71] sameLevel level=7
[2025-03-28 23:53:40] [DEBUG] [GameManager:187] updateGame E_APP_ONELESSLIFE enemies=11 enemyShots=0 heroShots=0
[2025-03-28 23:53:40] [DEBUG] [GameManager: 71] sameLevel level=7
[2025-03-28 23:53:42] [DEBUG] [GameManager:185] updateGame E_APP_LOST enemies=11 enemyShots=0 heroShots=1
[2025-03-28 23:53:43] [DEBUG] [GameManager: 47] start level=7
[2025-03-28 23:53:43] [DEBUG] [GameManager: 55] enemies=11 items=5
[2025-03-28 23:54:40] [INFO ] [AppPk2Fx: 51] --------------------------------------------------------------------------------
[2025-03-28 23:54:41] [DEBUG] [GameManager: 47] start level=8
[2025-03-28 23:54:41] [DEBUG] [GameManager: 55] enemies=6 items=3
[2025-03-28 23:54:50] [DEBUG] [GameManager:187] updateGame E_APP_ONELESSLIFE enemies=6 enemyShots=0 heroShots=0
[2025-03-28 23:55:20] [INFO ] [AppPk2Fx: 51] --------------------------------------------------------------------------------
[2025-03-28 23:55:21] [DEBUG] [GameManager: 47] start level=8
[2025-03-28 23:55:21] [DEBUG] [GameManager: 55] enemies=7 items=2
[2025-03-28 23:55:36] [DEBUG] [Ghost: 46] Ghost spawned: 0
[2025-03-28 23:56:04] [INFO ] [AppPk2Fx: 51] --------------------------------------------------------------------------------
[2025-03-28 23:56:04] [DEBUG] [GameManager: 47] start level=8
[2025-03-28 23:56:04] [DEBUG] [GameManager: 55] enemies=7 items=3
[2025-03-28 23:56:11] [INFO ] [AppPk2Fx: 51] --------------------------------------------------------------------------------
[2025-03-28 23:56:12] [DEBUG] [GameManager: 47] start level=8
[2025-03-28 23:56:12] [DEBUG] [GameManager: 55] enemies=7 items=3
[2025-03-28 23:56:27] [DEBUG] [Ghost: 46] Ghost spawned: 2
[2025-03-28 23:56:27] [DEBUG] [Ghost: 46] Ghost spawned: 0
[2025-03-28 23:56:27] [DEBUG] [Ghost: 46] Ghost spawned: 0
[2025-03-28 23:56:31] [DEBUG] [Ghost: 46] Ghost spawned: 2
[2025-03-28 23:56:34] [DEBUG] [Ghost: 46] Ghost spawned: 2
[2025-03-28 23:56:37] [DEBUG] [Ghost: 46] Ghost spawned: 0
[2025-03-28 23:56:41] [DEBUG] [Ghost: 46] Ghost spawned: 2
[2025-03-28 23:56:41] [DEBUG] [Ghost: 46] Ghost spawned: 0
[2025-03-28 23:56:43] [DEBUG] [GameManager:187] updateGame E_APP_ONELESSLIFE enemies=6 enemyShots=0 heroShots=9
[2025-03-28 23:56:43] [DEBUG] [GameManager: 71] sameLevel level=8
[2025-03-28 23:56:45] [DEBUG] [Ghost: 46] Ghost spawned: 0
[2025-03-28 23:56:47] [DEBUG] [Ghost: 46] Ghost spawned: 2
[2025-03-28 23:56:47] [DEBUG] [Ghost: 46] Ghost spawned: 0
[2025-03-28 23:56:49] [DEBUG] [Ghost: 46] Ghost spawned: 2
[2025-03-28 23:56:49] [DEBUG] [Ghost: 46] Ghost spawned: 2
[2025-03-28 23:56:53] [DEBUG] [Ghost: 46] Ghost spawned: 0
[2025-03-28 23:56:57] [DEBUG] [Ghost: 46] Ghost spawned: 0
[2025-03-28 23:56:59] [DEBUG] [Ghost: 46] Ghost spawned: 2
[2025-03-28 23:57:00] [DEBUG] [Ghost: 46] Ghost spawned: 2
[2025-03-28 23:57:00] [DEBUG] [Ghost: 46] Ghost spawned: 0
[2025-03-28 23:57:03] [DEBUG] [Ghost: 46] Ghost spawned: 0
[2025-03-28 23:57:10] [DEBUG] [Ghost: 46] Ghost spawned: 2
[2025-03-28 23:57:10] [DEBUG] [Ghost: 46] Ghost spawned: 2
[2025-03-28 23:57:15] [DEBUG] [Ghost: 46] Ghost spawned: 2
[2025-03-28 23:57:15] [DEBUG] [Ghost: 46] Ghost spawned: 2
[2025-03-28 23:57:15] [DEBUG] [Ghost: 46] Ghost spawned: 0
[2025-03-28 23:57:17] [DEBUG] [Ghost: 46] Ghost spawned: 0
[2025-03-28 23:57:17] [DEBUG] [Ghost: 46] Ghost spawned: 0
[2025-03-28 23:57:19] [DEBUG] [Ghost: 46] Ghost spawned: 0
[2025-03-28 23:57:19] [DEBUG] [Ghost: 46] Ghost spawned: 2
[2025-03-28 23:57:19] [DEBUG] [Ghost: 46] Ghost spawned: 0
[2025-03-28 23:57:21] [DEBUG] [Ghost: 46] Ghost spawned: 0
[2025-03-28 23:57:22] [DEBUG] [Ghost: 46] Ghost spawned: 0
[2025-03-28 23:57:22] [DEBUG] [Ghost: 46] Ghost spawned: 0
[2025-03-28 23:57:23] [DEBUG] [GameManager:246] lifes=3
[2025-03-28 23:57:30] [DEBUG] [GameManager:250] score=730
[2025-03-28 23:57:38] [DEBUG] [GameManager:250] score=780
[2025-03-28 23:57:43] [DEBUG] [Ghost: 46] Ghost spawned: 0
[2025-03-28 23:57:53] [DEBUG] [GameManager: 60] nextLevel level=9
[2025-03-28 23:57:53] [DEBUG] [GameManager: 66] enemies=10 items=5
[2025-03-28 23:57:59] [INFO ] [AppPk2Fx: 51] --------------------------------------------------------------------------------
[2025-03-28 23:58:00] [DEBUG] [GameManager: 47] start level=8
[2025-03-28 23:58:00] [DEBUG] [GameManager: 55] enemies=7 items=3
[2025-03-28 23:58:14] [DEBUG] [GameManager:187] updateGame E_APP_ONELESSLIFE enemies=7 enemyShots=0 heroShots=0
[2025-03-28 23:58:16] [DEBUG] [GameManager: 71] sameLevel level=8
[2025-03-28 23:58:17] [DEBUG] [GameManager:187] updateGame E_APP_ONELESSLIFE enemies=7 enemyShots=0 heroShots=0
[2025-03-28 23:58:17] [DEBUG] [GameManager: 71] sameLevel level=8
[2025-03-28 23:58:18] [DEBUG] [GameManager:185] updateGame E_APP_LOST enemies=7 enemyShots=0 heroShots=0
[2025-03-28 23:58:19] [DEBUG] [GameManager: 47] start level=8
[2025-03-28 23:58:19] [DEBUG] [GameManager: 55] enemies=7 items=3
[2025-03-28 23:58:34] [DEBUG] [GameManager:187] updateGame E_APP_ONELESSLIFE enemies=7 enemyShots=0 heroShots=0
[2025-03-28 23:58:47] [INFO ] [AppPk2Fx: 51] --------------------------------------------------------------------------------
[2025-03-28 23:58:47] [DEBUG] [GameManager: 47] start level=7
[2025-03-28 23:58:47] [DEBUG] [GameManager: 55] enemies=11 items=5
[2025-03-28 23:59:04] [INFO ] [AppPk2Fx: 51] --------------------------------------------------------------------------------
[2025-03-28 23:59:05] [DEBUG] [GameManager: 47] start level=9
[2025-03-28 23:59:05] [DEBUG] [GameManager: 55] enemies=10 items=5
[2025-03-28 23:59:38] [INFO ] [AppPk2Fx: 51] --------------------------------------------------------------------------------
[2025-03-28 23:59:39] [DEBUG] [GameManager: 47] start level=9
[2025-03-28 23:59:39] [DEBUG] [GameManager: 55] enemies=10 items=5
[2025-03-28 23:59:58] [DEBUG] [GameManager:187] updateGame E_APP_ONELESSLIFE enemies=8 enemyShots=2 heroShots=0
[2025-03-29 00:00:02] [INFO ] [AppPk2Fx: 51] --------------------------------------------------------------------------------
[2025-03-29 00:00:03] [DEBUG] [GameManager: 47] start level=9
[2025-03-29 00:00:03] [DEBUG] [GameManager: 55] enemies=10 items=5
[2025-03-29 00:00:17] [INFO ] [AppPk2Fx: 51] --------------------------------------------------------------------------------
[2025-03-29 00:00:18] [DEBUG] [GameManager: 47] start level=9
[2025-03-29 00:00:18] [DEBUG] [GameManager: 55] enemies=10 items=5
[2025-03-29 00:00:31] [INFO ] [AppPk2Fx: 51] --------------------------------------------------------------------------------
[2025-03-29 00:00:32] [DEBUG] [GameManager: 47] start level=9
[2025-03-29 00:00:32] [DEBUG] [GameManager: 55] enemies=10 items=5
[2025-03-29 00:00:46] [INFO ] [AppPk2Fx: 51] --------------------------------------------------------------------------------
[2025-03-29 00:00:47] [DEBUG] [GameManager: 47] start level=9
[2025-03-29 00:00:47] [DEBUG] [GameManager: 55] enemies=10 items=5
[2025-03-29 00:01:14] [INFO ] [AppPk2Fx: 51] --------------------------------------------------------------------------------
[2025-03-29 00:01:14] [DEBUG] [GameManager: 47] start level=9
[2025-03-29 00:01:14] [DEBUG] [GameManager: 55] enemies=10 items=6
